"../../../UAZRACER/Content/Geometry/Meshes/CubeMaterial.uasset" 0
"../../../UAZRACER/Content/Geometry/Meshes/1M_Cube.uasset" 1
"../../../UAZRACER/Content/Geometry/Meshes/1M_Cube_Chamfer.uasset" 2
"../../../UAZRACER/Content/Geometry/Meshes/TemplateFloor.uasset" 3
"../../../UAZRACER/Content/StarterContent/Architecture/Floor_400x400.uasset" 4
"../../../UAZRACER/Content/VehicleAdv/ArenaMesh/CubeMaterial.uasset" 5
"../../../Engine/Content/EngineMaterials/Grid.uasset" 6
"../../../UAZRACER/Content/VehicleAdv/Materials/MasterGrid.uasset" 7
"../../../UAZRACER/Content/VehicleAdv/Materials/MaterialInstances/RedGrid.uasset" 8
"../../../UAZRACER/Content/VehicleAdv/ArenaMesh/pole.uasset" 9
"../../../UAZRACER/Content/VehicleAdv/Materials/MasterSolidColor.uasset" 10
"../../../UAZRACER/Content/VehicleAdv/Materials/MaterialInstances/SolidOrange.uasset" 11
"../../../UAZRACER/Content/VehicleAdv/ArenaMesh/RampTwist.uasset" 12
"../../../Engine/Content/Functions/Engine_MaterialFunctions01/Opacity/CameraDepthFade.uasset" 13
"../../../Engine/Content/EngineMaterials/T_Default_Material_Grid_M.uasset" 14
"../../../Engine/Content/EngineMaterials/T_Default_Material_Grid_N.uasset" 15
"../../../Engine/Content/EngineMaterials/WorldGridMaterial.uasset" 16
"../../../UAZRACER/Content/VehicleAdv/ArenaMesh/RoadSegment_01.uasset" 17
"../../../UAZRACER/Content/VehicleAdv/Materials/Fixed_Template_Master.uasset" 18
"../../../UAZRACER/Content/VehicleAdv/Materials/MaterialInstances/Template_BaseBlue.uasset" 19
"../../../UAZRACER/Content/VehicleAdv/Sound/Engine_Speed_02_Loop.uasset" 20
"../../../UAZRACER/Content/VehicleAdv/Sound/Engine_Speed_04_Loop.uasset" 21
"../../../UAZRACER/Content/VehicleAdv/Sound/Engine_Speed_06_Loop.uasset" 22
"../../../UAZRACER/Content/VehicleAdv/Textures/VehicleJoystick_BackgroundL.uasset" 23
"../../../UAZRACER/Content/VehicleAdv/Textures/VehicleJoystick_BackgroundR.uasset" 24
"../../../Engine/Content/MobileResources/HUD/VirtualJoystick_Background.uasset" 25
"../../../Engine/Content/MobileResources/HUD/VirtualJoystick_Thumb.uasset" 26
"../../../UAZRACER/Content/VehicleAdv/Vehicle/LeftVirtualJoystickOnly.uasset" 27
"../../../UAZRACER/Content/VehicleAdv/Vehicle/VehicleBodyCollision.uasset" 28
"../../../UAZRACER/Content/VehicleAdv/Vehicle/VehicleSkeleton.uasset" 29
"../../../UAZRACER/Content/VehicleAdv/Vehicle/VehicleAnimationBlueprint.uasset" 30
"../../../Engine/Content/EditorBlueprintResources/StandardMacros.uasset" 31
"../../../UAZRACER/Content/VehicleAdv/PhysicsMaterials/NonSlippery.uasset" 32
"../../../UAZRACER/Content/VehicleAdv/PhysicsMaterials/Slippery.uasset" 33
"../../../UAZRACER/Content/VehicleAdv/Vehicle/WheelData/Vehicle_BackTireConfig.uasset" 34
"../../../UAZRACER/Content/VehicleAdvBP/Blueprints/WheelData/WheelBack.uasset" 35
"../../../UAZRACER/Content/VehicleAdv/Vehicle/WheelData/Vehicle_FrontTireConfig.uasset" 36
"../../../UAZRACER/Content/VehicleAdvBP/Blueprints/WheelData/WheelFront.uasset" 37
"../../../Engine/Content/EngineFonts/RobotoDistanceField.uasset" 38
"../../../Engine/Content/Functions/Engine_MaterialFunctions03/Procedurals/ComputeFilterWidth.uasset" 39
"../../../Engine/Content/EngineMaterials/AntiAliasedTextMaterialTranslucent.uasset" 40
"../../../UAZRACER/Content/VehicleAdv/Sound/Engine_att.uasset" 41
"../../../UAZRACER/Content/VehicleAdv/Sound/Engine_Loop_Cue.uasset" 42
"../../../UAZRACER/Content/VehicleAdv/Vehicle/M_UAZ.uasset" 43
"../../../UAZRACER/Content/VehicleAdv/Vehicle/M_Podwozie.uasset" 44
"../../../UAZRACER/Content/VehicleAdv/Vehicle/VehiclePhysicsAsset.uasset" 45
"../../../UAZRACER/Content/VehicleAdv/Vehicle/Vehicle_SkelMesh.uasset" 46
"../../../UAZRACER/Content/VehicleAdv/Vehicle/Vehicle_SkelMesh_Top.uasset" 47
"../../../UAZRACER/Content/VehicleAdvBP/Blueprints/VehicleBlueprint.uasset" 48
"../../../UAZRACER/Content/VehicleAdvBP/Blueprints/VehicleAdvHud.uasset" 49
"../../../UAZRACER/Content/VehicleAdvBP/Blueprints/VehicleAdvGameMode.uasset" 50
"../../../Engine/Content/EngineMaterials/DefaultMaterial.uasset" 51
"../../../Engine/Content/BasicShapes/Cone.uasset" 52
"../../../Engine/Content/BasicShapes/Cube.uasset" 53
"../../../Engine/Content/BasicShapes/Cylinder.uasset" 54
"../../../Engine/Content/BasicShapes/Plane.uasset" 55
"../../../Engine/Content/BasicShapes/Sphere.uasset" 56
"../../../Engine/Content/EditorLandscapeResources/DataLayer.uasset" 57
"../../../Engine/Content/EditorMaterials/GizmoMaterial.uasset" 58
"../../../Engine/Content/EditorMaterials/MAT_Groups_Toggle.uasset" 59
"../../../Engine/Content/EditorMaterials/MAT_Groups_Visibility.uasset" 60
"../../../Engine/Content/EditorMaterials/PreviewShadowIndicator.uasset" 61
"../../../Engine/Content/EditorMaterials/PreviewShadowIndicatorMaterial.uasset" 62
"../../../Engine/Content/EditorMaterials/MatineeGroups/MAT_ColorTrack.uasset" 63
"../../../Engine/Content/EditorMaterials/MatineeGroups/MAT_Groups_Anim.uasset" 64
"../../../Engine/Content/EditorMaterials/MatineeGroups/MAT_Groups_AudioMaster.uasset" 65
"../../../Engine/Content/EditorMaterials/MatineeGroups/MAT_Groups_Director.uasset" 66
"../../../Engine/Content/EditorMaterials/MatineeGroups/MAT_Groups_Event.uasset" 67
"../../../Engine/Content/EditorMaterials/MatineeGroups/MAT_Groups_Fade.uasset" 68
"../../../Engine/Content/EditorMaterials/MatineeGroups/MAT_Groups_Float.uasset" 69
"../../../Engine/Content/EditorMaterials/MatineeGroups/MAT_Groups_Move.uasset" 70
"../../../Engine/Content/EditorMaterials/MatineeGroups/MAT_Groups_Slomo.uasset" 71
"../../../Engine/Content/EditorMaterials/MatineeGroups/MAT_Groups_Sound.uasset" 72
"../../../Engine/Content/EditorMaterials/MatineeGroups/MAT_Groups_Vector.uasset" 73
"../../../Engine/Content/EditorMaterials/ParticleSystems/PSysThumbnail_NoImage.uasset" 74
"../../../Engine/Content/EditorMaterials/ParticleSystems/PSysThumbnail_OOD.uasset" 75
"../../../Engine/Content/EditorMaterials/Camera/CineMat.uasset" 76
"../../../Engine/Content/EditorMaterials/Camera/MI_CineMat_Rig.uasset" 77
"../../../Engine/Content/EditorMeshes/Camera/SM_CraneRig_Arm.uasset" 78
"../../../Engine/Content/EditorMeshes/Camera/SM_CraneRig_Base.uasset" 79
"../../../Engine/Content/EditorMeshes/Camera/SM_CraneRig_Body.uasset" 80
"../../../Engine/Content/EditorMeshes/Camera/SM_CraneRig_Mount.uasset" 81
"../../../Engine/Content/EditorMeshes/Camera/SM_RailRig_Mount.uasset" 82
"../../../Engine/Content/EditorMeshes/Camera/SM_RailRig_Track.uasset" 83
"../../../Engine/Content/EditorMeshes/ColorCalibrator/M_ChromeBall.uasset" 84
"../../../Engine/Content/EditorMeshes/ColorCalibrator/M_ClearCoat.uasset" 85
"../../../Engine/Content/EditorMeshes/ColorCalibrator/M_ClearCoatBlack.uasset" 86
"../../../Engine/Content/EditorMeshes/ColorCalibrator/Color_checker.uasset" 87
"../../../Engine/Content/EditorMeshes/ColorCalibrator/M_ColorGrid.uasset" 88
"../../../Engine/Content/EditorMeshes/ColorCalibrator/M_GreyBall.uasset" 89
"../../../Engine/Content/EditorMeshes/ColorCalibrator/SM_ColorCalibrator.uasset" 90
"../../../Engine/Content/EditorResources/BSPVertex.uasset" 91
"../../../Engine/Content/EditorResources/EmptyActor.uasset" 92
"../../../Engine/Content/EditorResources/S_Actor.uasset" 93
"../../../Engine/Content/EditorResources/S_Trigger.uasset" 94
"../../../Engine/Content/EditorResources/AudioIcons/S_AudioComponent_AutoActivate.uasset" 95
"../../../Engine/Content/EditorResources/LightIcons/S_LightError.uasset" 96
"../../../Engine/Content/EditorResources/SequenceRecorder/Countdown.uasset" 97
"../../../Engine/Content/EditorResources/SequenceRecorder/RecordingIndicator.uasset" 98
"../../../Engine/Content/EditorSounds/Notifications/CompileFailed.uasset" 99
"../../../Engine/Content/EditorSounds/Notifications/CompileFailed_Cue.uasset" 100
"../../../Engine/Content/EditorSounds/Notifications/CompileSuccess.uasset" 101
"../../../Engine/Content/EditorSounds/Notifications/CompileStart_Cue.uasset" 102
"../../../Engine/Content/EditorSounds/Notifications/CompileSuccess_Cue.uasset" 103
"../../../Engine/Content/EngineDamageTypes/DmgTypeBP_Environmental.uasset" 104
"../../../Engine/Content/EngineDebugMaterials/HeatmapGradient.uasset" 105
"../../../Engine/Content/EngineDebugMaterials/BoneWeightMaterial.uasset" 106
"../../../Engine/Content/EngineDebugMaterials/ClothMaterial.uasset" 107
"../../../Engine/Content/EngineDebugMaterials/ClothMaterial_WF.uasset" 108
"../../../Engine/Content/EngineDebugMaterials/DebugEditorMaterial.uasset" 109
"../../../Engine/Content/EngineDebugMaterials/DebugMeshMaterial.uasset" 110
"../../../Engine/Content/EngineDebugMaterials/GeomMaterial.uasset" 111
"../../../Engine/Content/EngineFonts/Faces/RobotoBold.uasset" 112
"../../../Engine/Content/EngineFonts/Faces/RobotoBoldItalic.uasset" 113
"../../../Engine/Content/EngineFonts/Faces/RobotoItalic.uasset" 114
"../../../Engine/Content/EngineFonts/Faces/RobotoLight.uasset" 115
"../../../Engine/Content/EngineFonts/Faces/RobotoRegular.uasset" 116
"../../../Engine/Content/EngineFonts/Roboto.uasset" 117
"../../../Engine/Content/EngineFonts/Faces/RobotoTiny.uasset" 118
"../../../Engine/Content/EngineFonts/RobotoTiny.uasset" 119
"../../../Engine/Content/EngineMaterials/DefaultBloomKernel.uasset" 120
"../../../Engine/Content/EngineMaterials/DefaultBokeh.uasset" 121
"../../../Engine/Content/EngineMaterials/DefaultDiffuse.uasset" 122
"../../../Engine/Content/EngineMaterials/DefaultDeferredDecalMaterial.uasset" 123
"../../../Engine/Content/EngineMaterials/DefaultLightFunctionMaterial.uasset" 124
"../../../Engine/Content/Functions/Engine_MaterialFunctions02/Utility/BreakOutFloat2Components.uasset" 125
"../../../Engine/Content/EngineMaterials/DefaultPostProcessMaterial.uasset" 126
"../../../Engine/Content/EngineMaterials/DefaultTextMaterialOpaque.uasset" 127
"../../../Engine/Content/EngineMaterials/DefaultWhiteGrid.uasset" 128
"../../../Engine/Content/EngineMaterials/EditorBrushMaterial.uasset" 129
"../../../Engine/Content/EngineMaterials/Good64x64TilingNoiseHighFreq.uasset" 130
"../../../Engine/Content/EngineMaterials/MiniFont.uasset" 131
"../../../Engine/Content/EngineMaterials/InvalidLightmapSettings.uasset" 132
"../../../Engine/Content/EngineMaterials/M_InvalidLightmapSettings.uasset" 133
"../../../Engine/Content/Functions/Engine_MaterialFunctions02/WorldPositionOffset/CameraOffset.uasset" 134
"../../../Engine/Content/EngineMaterials/PhAT_JointLimitMaterial.uasset" 135
"../../../Engine/Content/EngineMaterials/PreintegratedSkinBRDF.uasset" 136
"../../../Engine/Content/EngineMaterials/RemoveSurfaceMaterial.uasset" 137
"../../../Engine/Content/EngineMaterials/WeightMapPlaceholderTexture.uasset" 138
"../../../Engine/Content/EngineResources/WhiteSquareTexture.uasset" 139
"../../../Engine/Content/EngineMaterials/Widget3DPassThrough.uasset" 140
"../../../Engine/Content/EngineMaterials/Widget3DPassThrough_Masked.uasset" 141
"../../../Engine/Content/EngineMaterials/Widget3DPassThrough_Opaque.uasset" 142
"../../../Engine/Content/EngineMaterials/Widget3DPassThrough_Masked_OneSided.uasset" 143
"../../../Engine/Content/EngineMaterials/Widget3DPassThrough_Opaque_OneSided.uasset" 144
"../../../Engine/Content/EngineMaterials/Widget3DPassThrough_Translucent.uasset" 145
"../../../Engine/Content/EngineMaterials/Widget3DPassThrough_Translucent_OneSided.uasset" 146
"../../../Engine/Content/EngineMeshes/Cube.uasset" 147
"../../../Engine/Content/EngineMeshes/Cylinder.uasset" 148
"../../../Engine/Content/EngineMeshes/Sphere.uasset" 149
"../../../Engine/Content/EngineResources/Black.uasset" 150
"../../../Engine/Content/EngineResources/DefaultTexture.uasset" 151
"../../../Engine/Content/EngineResources/DefaultTextureCube.uasset" 152
"../../../Engine/Content/EngineResources/GradientTexture0.uasset" 153
"../../../Engine/Content/EngineSounds/Master.uasset" 154
"../../../Engine/Content/Functions/Engine_MaterialFunctions01/Shading/ConvertFromDiffSpec.uasset" 155
"../../../Engine/Content/Functions/Engine_MaterialFunctions01/Shading/PowerToRoughness.uasset" 156
"../../../Engine/Content/Maps/Templates/Thumbnails/Default.uasset" 157
"../../../Engine/Content/Maps/Templates/Thumbnails/VR-Basic.uasset" 158
"../../../Engine/Content/MobileResources/T_MobileControls_texture.uasset" 159
"../../../Engine/Content/MobileResources/T_MobileMenu2.uasset" 160
"../../../Engine/Content/MobileResources/HUD/AnalogHat.uasset" 161
"../../../Engine/Content/MobileResources/HUD/DefaultVirtualJoysticks.uasset" 162
"../../../Engine/Content/MobileResources/HUD/LeftVirtualJoystickOnly.uasset" 163
"../../../Engine/Content/MobileResources/HUD/MobileHUDButton1_off.uasset" 164
"../../../Engine/Content/MobileResources/HUD/MobileHUDButton1_on.uasset" 165
"../../../Engine/Content/MobileResources/HUD/MobileHUDButton2_off.uasset" 166
"../../../Engine/Content/MobileResources/HUD/MobileHUDButton2_on.uasset" 167
"../../../Engine/Content/MobileResources/HUD/MobileHUDButton3.uasset" 168
"../../../Engine/Content/MobileResources/HUD/MobileHUDButtonFire.uasset" 169
"../../../Engine/Content/MobileResources/HUD/MobileHUDDirectionPad.uasset" 170
"../../../Engine/Content/MobileResources/HUD/MobileHUDDirectionPad2.uasset" 171
"../../../Engine/Content/MobileResources/HUD/MobileHUDDirectionPad3.uasset" 172
"../../../Engine/Content/MobileResources/HUD/MobileHUDDirectionStick.uasset" 173
"../../../Engine/Content/MobileResources/HUD/T_Castle_ThumbstickInner.uasset" 174
"../../../Engine/Content/MobileResources/HUD/T_Castle_ThumbstickOutter.uasset" 175
"../../../Engine/Content/Tutorial/ContentIntroCurve.uasset" 176
"../../../Engine/Content/Tutorial/Basics/TutorialAssets/icon_tab_Levels_40x.uasset" 177
"../../../Engine/Content/Tutorial/BlueprintTutorials/TutorialAssets/BlueprintInterface_64x.uasset" 178
"../../../Engine/Content/Tutorial/BlueprintTutorials/TutorialAssets/BlueprintMacroLibrary_64x.uasset" 179
"../../../Engine/Content/Tutorial/BlueprintTutorials/TutorialAssets/Blueprint_64x.uasset" 180
"../../../Engine/Content/Tutorial/BlueprintTutorials/TutorialAssets/Tutorial_BP_Interface.uasset" 181
"../../../Engine/Content/Tutorial/Foliage/TutorialAssets/Foliage.uasset" 182
"../../../Engine/Content/Tutorial/Landscape/TutorialAssets/Landscape.uasset" 183
"../../../Engine/Content/Tutorial/Paper2D/TutorialAssets/Paper2DFlipbook_TutorialIcon.uasset" 184
"../../../Engine/Content/Tutorial/Paper2D/TutorialAssets/Paper2DSprite_TutorialIcon.uasset" 185
"../../../Engine/Content/Tutorial/SubEditors/TutorialAssets/icon_Editor_Preferences_General_40x.uasset" 186
"../../../Engine/Content/Tutorial/SubEditors/TutorialAssets/icon_ShowSkeletalMeshes_40x.uasset" 187
"../../../Engine/Content/Tutorial/SubEditors/TutorialAssets/TutorialMaterial.uasset" 188
"../../../Engine/Content/Tutorial/SubEditors/TutorialAssets/T_SmokeSubUV_8X8.uasset" 189
"../../../Engine/Content/Tutorial/SubEditors/TutorialAssets/T_soft_smoke.uasset" 190
"../../../Engine/Content/Tutorial/SubEditors/TutorialAssets/M_smoke_subUV_blackbody.uasset" 191
"../../../Engine/Content/Tutorial/SubEditors/TutorialAssets/TutorialParticleSystem.uasset" 192
"../../../Engine/Content/VREditor/Devices/Generic/GenericHMDMaterial.uasset" 193
"../../../Engine/Content/VREditor/Devices/Generic/GenericHMD.uasset" 194
"../../../Engine/Content/VREditor/FloatingText/LineMaterial.uasset" 195
"../../../Engine/Content/VREditor/FloatingText/JointSphere.uasset" 196
"../../../Engine/Content/VREditor/FloatingText/LineSegmentCylinder.uasset" 197
"../../../Engine/Content/VREditor/Fonts/VRText_RobotoLarge.uasset" 198
"../../../Engine/Content/VREditor/Fonts/VRTextMaterial.uasset" 199
"../../../Engine/Content/VREditor/Fonts/TranslucentVRTextMaterial.uasset" 200
"../../../Engine/Content/VREditor/LaserPointer/CursorPointer.uasset" 201
"../../../Engine/Content/VREditor/LaserPointer/VR_LaserPower_01.uasset" 202
"../../../Engine/Content/VREditor/TransformGizmo/TransformGizmoMaterial.uasset" 203
"../../../Engine/Content/VREditor/LaserPointer/HoverMaterial.uasset" 204
"../../../Engine/Content/VREditor/TransformGizmo/TranslucentTransformGizmoMaterial.uasset" 205
"../../../Engine/Content/VREditor/LaserPointer/TranslucentHoverMaterial.uasset" 206
"../../../Engine/Content/VREditor/LaserPointer/HoverMesh.uasset" 207
"../../../Engine/Content/VREditor/LaserPointer/LaserPointerMaterial.uasset" 208
"../../../Engine/Content/VREditor/LaserPointer/LaserPointerMaterialInst.uasset" 209
"../../../Engine/Content/VREditor/LaserPointer/TranslucentLaserPointerMaterialInst.uasset" 210
"../../../Engine/Content/VREditor/LaserPointer/LaserPointerMesh.uasset" 211
"../../../Engine/Content/VREditor/LaserPointer/LaserPointerMesh_End.uasset" 212
"../../../Engine/Content/VREditor/LaserPointer/LaserPointerMesh_Start.uasset" 213
"../../../Engine/Content/Functions/Engine_MaterialFunctions02/Utility/BreakOutFloat3Components.uasset" 214
"../../../Engine/Content/Functions/Engine_MaterialFunctions02/Math/Transform3x3Matrix.uasset" 215
"../../../Engine/Content/Functions/Engine_MaterialFunctions02/SplitComponents.uasset" 216
"../../../Engine/Content/Functions/Engine_MaterialFunctions02/Utility/MakeFloat3.uasset" 217
"../../../Engine/Content/VREditor/SnapGrid/SnapGridMaterial.uasset" 218
"../../../Engine/Content/VREditor/SnapGrid/SnapGridPlaneMesh.uasset" 219
"../../../Engine/Content/VREditor/Sounds/VR_teleport.uasset" 220
"../../../Engine/Content/VREditor/Sounds/UI/Click_on_Button_Cue.uasset" 221
"../../../Engine/Content/VREditor/Sounds/UI/Dockable_Window_Close.uasset" 222
"../../../Engine/Content/VREditor/Sounds/UI/Dockable_Window_Drop.uasset" 223
"../../../Engine/Content/VREditor/Sounds/UI/Dockable_Window_Open.uasset" 224
"../../../Engine/Content/VREditor/Sounds/UI/Dockable_Window_Pick_Up.uasset" 225
"../../../Engine/Content/VREditor/Sounds/UI/Drop_Item_From_ContentBrowser.uasset" 226
"../../../Engine/Content/VREditor/Sounds/UI/Floating_UI_Open-001.uasset" 227
"../../../Engine/Content/VREditor/Sounds/UI/Gizmo_Handle_Clicked.uasset" 228
"../../../Engine/Content/VREditor/Sounds/UI/Object_PickUp.uasset" 229
"../../../Engine/Content/VREditor/Sounds/UI/Object_Snaps_To_Another_Actor.uasset" 230
"../../../Engine/Content/VREditor/Sounds/UI/Object_Snaps_To_Grid.uasset" 231
"../../../Engine/Content/VREditor/Sounds/UI/Radial_Menu_FadeOut.uasset" 232
"../../../Engine/Content/VREditor/Sounds/UI/Scaling_Down.uasset" 233
"../../../Engine/Content/VREditor/Sounds/UI/Scaling_Up.uasset" 234
"../../../Engine/Content/VREditor/Sounds/UI/Selection_Changes.uasset" 235
"../../../Engine/Content/VREditor/Sounds/UI/Teleport_Mode_Entered.uasset" 236
"../../../Engine/Content/VREditor/Teleport/TeleportDirectionMaterial.uasset" 237
"../../../Engine/Content/VREditor/Teleport/TeleportDirectionMaterial_Inst.uasset" 238
"../../../Engine/Content/VREditor/Teleport/TeleportDirectionMesh.uasset" 239
"../../../Engine/Content/VREditor/TransformGizmo/BoundingBoxCorner.uasset" 240
"../../../Engine/Content/VREditor/TransformGizmo/BoundingBoxEdge.uasset" 241
"../../../Engine/Content/VREditor/TransformGizmo/PlaneTranslationHandle.uasset" 242
"../../../Engine/Content/VREditor/TransformGizmo/RotationHandleFull.uasset" 243
"../../../Engine/Content/VREditor/TransformGizmo/RotationHandleIndicator.uasset" 244
"../../../Engine/Content/VREditor/TransformGizmo/RotationHandleQuarter.uasset" 245
"../../../Engine/Content/VREditor/TransformGizmo/Main.uasset" 246
"../../../Engine/Content/VREditor/TransformGizmo/Xray.uasset" 247
"../../../Engine/Content/VREditor/TransformGizmo/SM_Dialog_Close.uasset" 248
"../../../Engine/Content/VREditor/TransformGizmo/SM_Dialog_Move.uasset" 249
"../../../Engine/Content/VREditor/TransformGizmo/SM_Sequencer_Key.uasset" 250
"../../../Engine/Content/VREditor/TransformGizmo/SM_Sequencer_Node.uasset" 251
"../../../Engine/Content/VREditor/TransformGizmo/StartRotationHandleIndicator.uasset" 252
"../../../Engine/Content/VREditor/TransformGizmo/TranslucentTransformGizmoMaterial_Inst.uasset" 253
"../../../Engine/Content/VREditor/TransformGizmo/TransformGizmoFreeRotation.uasset" 254
"../../../Engine/Content/VREditor/TransformGizmo/TransformGizmoMaterial_Inst.uasset" 255
"../../../Engine/Content/VREditor/TransformGizmo/TranslateArrowHandle.uasset" 256
"../../../Engine/Content/VREditor/TransformGizmo/UniformScaleHandle.uasset" 257
"../../../Engine/Content/VREditor/UI/KeyDiskMaterial.uasset" 258
"../../../Engine/Content/VREditor/UI/DiscMaterial.uasset" 259
"../../../Engine/Content/VREditor/UI/SM_Radial_Disk.uasset" 260
"../../../Engine/Content/Functions/Engine_MaterialFunctions01/Gradient/RadialGradient.uasset" 261
"../../../Engine/Content/VREditor/WorldMovementGrid/SimpleGrid.uasset" 262
"../../../Engine/Content/VREditor/WorldMovementGrid/GridMaterial.uasset" 263
"../../../Engine/Content/Functions/Engine_MaterialFunctions01/Density/ExponentialDensity.uasset" 264
"../../../Engine/Content/VREditor/WorldMovementGrid/GridPostProcess.uasset" 265
"../../../Engine/Content/EditorLandscapeResources/FlattenHeightMat.uasset" 266
"../../../Engine/Content/VREditor/WorldMovementGrid/PlaneMesh.uasset" 267
"../../../Engine/Plugins/2D/Paper2D/Content/PlaceholderTextures/DummySpriteTexture.uasset" 268
"../../../Engine/Plugins/2D/Paper2D/Content/DummySprite.uasset" 269
"../../../Engine/Plugins/2D/Paper2D/Content/DefaultPaperTerrainMaterial.uasset" 270
"../../../Engine/Plugins/2D/Paper2D/Content/DefaultSpriteMaterial.uasset" 271
"../../../Engine/Plugins/2D/Paper2D/Content/MaskedUnlitSpriteMaterial.uasset" 272
"../../../Engine/Plugins/2D/Paper2D/Content/OpaqueUnlitSpriteMaterial.uasset" 273
"../../../Engine/Plugins/Media/MediaCompositing/Content/DefaultMediaPlaneMaterial.uasset" 274
"../../../Engine/Content/Functions/Engine_MaterialFunctions02/Utility/MakeFloat4.uasset" 275
"../../../Engine/Plugins/Runtime/AppleARKit/Content/ARKitCameraMaterial.uasset" 276
"../../../Engine/Plugins/Runtime/Oculus/OculusVR/Content/Textures/GearVRController_AO.uasset" 277
"../../../Engine/Plugins/Runtime/Oculus/OculusVR/Content/Textures/GearVRController_Color.uasset" 278
"../../../Engine/Plugins/Runtime/Oculus/OculusVR/Content/Textures/GearVRController_Normal.uasset" 279
"../../../Engine/Plugins/Runtime/Oculus/OculusVR/Content/Materials/GearVRControllerMaterial.uasset" 280
"../../../Engine/Plugins/Runtime/Oculus/OculusVR/Content/Meshes/GearVrController.uasset" 281
"../../../UAZRACER/Content/Desert/Maps/Desert_Master_sharedassets/Rocks_LayerInfo.uasset" 282
"../../../UAZRACER/Content/Desert/Maps/Desert_Master_sharedassets/Sand_LayerInfo.uasset" 283
"../../../Engine/Content/Functions/Engine_MaterialFunctions01/Gradient/LinearGradient.uasset" 284
"../../../Engine/Content/Functions/Engine_MaterialFunctions01/ImageAdjustment/CheapContrast.uasset" 285
"../../../Engine/Content/Functions/Engine_MaterialFunctions02/Texturing/HeightLerp.uasset" 286
"../../../UAZRACER/Content/Desert/Materials/MatLayerBlend_Proper.uasset" 287
"../../../UAZRACER/Content/Desert/Materials/Rock/DesertRocks_basecolor.uasset" 288
"../../../UAZRACER/Content/Desert/Materials/Rock/DesertRocks_HRO.uasset" 289
"../../../UAZRACER/Content/Desert/Materials/Rock/DesertRocks_normal.uasset" 290
"../../../UAZRACER/Content/Desert/Materials/Sand/Sand_basecolor.uasset" 291
"../../../UAZRACER/Content/Desert/Materials/Sand/Sand_HRO.uasset" 292
"../../../UAZRACER/Content/Desert/Materials/Sand/Sand_normal.uasset" 293
"../../../UAZRACER/Content/Desert/Materials/M_Landscape.uasset" 294
"../../../UAZRACER/Content/Desert/Materials/M_Landscape_Inst.uasset" 295
"../../../Engine/Content/EngineMaterials/DefaultPhysicalMaterial.uasset" 296
"../../../UAZRACER/Content/Desert/Maps/Desert_Landscape.umap" 297
"../../../Engine/Content/EngineSky/C_Sky_Cloud_Color.uasset" 298
"../../../Engine/Content/EngineSky/C_Sky_Horizon_Color.uasset" 299
"../../../Engine/Content/EngineSky/C_Sky_Zenith_Color.uasset" 300
"../../../Engine/Content/EngineSky/T_Sky_Blue.uasset" 301
"../../../Engine/Content/EngineSky/T_Sky_Clouds_M.uasset" 302
"../../../Engine/Content/EngineSky/T_Sky_Stars.uasset" 303
"../../../Engine/Content/EngineSky/M_Sky_Panning_Clouds2.uasset" 304
"../../../Engine/Content/EngineSky/SM_SkySphere.uasset" 305
"../../../Engine/Content/EngineSky/BP_Sky_Sphere.uasset" 306
"../../../UAZRACER/Content/Desert/Maps/Desert_Master_BuiltData.uasset" 307
"../../../UAZRACER/Content/Desert/Meshes/Rock_01/Rocks_basecolor.uasset" 308
"../../../UAZRACER/Content/Desert/Meshes/Rock_01/Rocks_normal.uasset" 309
"../../../UAZRACER/Content/Desert/Meshes/Rock_01/Rocks_ORM.uasset" 310
"../../../UAZRACER/Content/Desert/Meshes/Rock_01/texture_material.uasset" 311
"../../../UAZRACER/Content/Desert/Meshes/Rock_01/Desert_Stone_01_LP.uasset" 312
"../../../UAZRACER/Content/Desert/Meshes/Rock_02/Rock_02_basecolor.uasset" 313
"../../../UAZRACER/Content/Desert/Meshes/Rock_02/Rock_02_normal.uasset" 314
"../../../UAZRACER/Content/Desert/Meshes/Rock_02/Rock_02_ORM.uasset" 315
"../../../UAZRACER/Content/Desert/Meshes/Rock_02/texture_material_Inst.uasset" 316
"../../../UAZRACER/Content/Desert/Meshes/Rock_02/Desert_Stone_02_LP.uasset" 317
"../../../UAZRACER/Content/Desert/Maps/Desert_Master.umap" 318
"../../../UAZRACER/Content/VehicleAdvBP/Maps/LayerInfo/Desert_LayerInfo.uasset" 319
"../../../UAZRACER/Content/VehicleAdvBP/Maps/LayerInfo/Track_LayerInfo.uasset" 320
"../../../UAZRACER/Content/VehicleAdvBP/Maps/VehicleAdvExampleMap_BuiltData.uasset" 321
"../../../UAZRACER/Content/VehicleAdv/Materials/Landscape.uasset" 322
"../../../UAZRACER/Content/VehicleAdv/Materials/MaterialInstances/LandscapeNoHole.uasset" 323
"../../../UAZRACER/Content/VehicleAdv/ArenaMesh/BumpWave.uasset" 324
"../../../UAZRACER/Content/VehicleAdv/ArenaMesh/BumpWaveSmall.uasset" 325
"../../../UAZRACER/Content/VehicleAdv/ArenaMesh/BumpWedge.uasset" 326
"../../../UAZRACER/Content/VehicleAdv/ArenaMesh/LoopBig.uasset" 327
"../../../UAZRACER/Content/VehicleAdv/ArenaMesh/LoopSmall.uasset" 328
"../../../UAZRACER/Content/VehicleAdv/ArenaMesh/RampLarge.uasset" 329
"../../../UAZRACER/Content/VehicleAdv/Materials/MaterialInstances/BlackGrid.uasset" 330
"../../../UAZRACER/Content/VehicleAdv/ArenaMesh/StraightFull.uasset" 331
"../../../UAZRACER/Content/VehicleAdv/ArenaMesh/StraightHalf.uasset" 332
"../../../UAZRACER/Content/VehicleAdv/ArenaMesh/StraightQuarter.uasset" 333
"../../../UAZRACER/Content/VehicleAdv/Materials/MaterialInstances/SolidRed.uasset" 334
"../../../UAZRACER/Content/VehicleAdv/ArenaMesh/turn_22andhalf.uasset" 335
"../../../UAZRACER/Content/VehicleAdv/ArenaMesh/Turn_45.uasset" 336
"../../../UAZRACER/Content/VehicleAdv/ArenaMesh/Turn_90.uasset" 337
"../../../UAZRACER/Content/VehicleAdv/ArenaMesh/Turn_90Large.uasset" 338
"../../../UAZRACER/Content/VehicleAdvBP/Maps/VehicleAdvExampleMap.umap" 339
